❯ ssh -i ~/.ssh/id_rsa catching@tetris.eastus.cloudapp.azure.com
The authenticity of host 'tetris.eastus.cloudapp.azure.com (52.152.130.15)' can't be established.
ED25519 key fingerprint is SHA256:LPRvcbRbMAq1HjqaAcTpOnaw1sxP1HHiBjjPd816q/g.
This key is not known by any other names
Are you sure you want to continue connecting (yes/no/[fingerprint])? yes
Warning: Permanently added 'tetris.eastus.cloudapp.azure.com' (ED25519) to the list of known hosts.
Welcome to Ubuntu 18.04.6 LTS (GNU/Linux 5.4.0-1107-azure x86_64)

 * Documentation:  https://help.ubuntu.com
 * Management:     https://landscape.canonical.com
 * Support:        https://ubuntu.com/advantage

  System information as of Tue May  9 20:56:45 UTC 2023

  System load:  0.0               Processes:           104
  Usage of /:   5.0% of 28.89GB   Users logged in:     0
  Memory usage: 5%                IP address for eth0: 10.1.0.4
  Swap usage:   0%

Expanded Security Maintenance for Applications is not enabled.

0 updates can be applied immediately.

5 additional security updates can be applied with ESM Apps.
Learn more about enabling ESM Apps service at https://ubuntu.com/esm



The programs included with the Ubuntu system are free software;
the exact distribution terms for each program are described in the
individual files in /usr/share/doc/*/copyright.

Ubuntu comes with ABSOLUTELY NO WARRANTY, to the extent permitted by
applicable law.

To run a command as administrator (user "root"), use "sudo <command>".
See "man sudo_root" for details.

catching@testNginxVM:~$ wget -O postdeploy.sh https://github.com/catching4190/azure-fundamentals-23/raw/task-4/04/postdeploy.sh && chmod +x postdeploy.sh && sudo ./postdeploy.sh
--2023-05-09 20:56:57--  https://github.com/catching4190/azure-fundamentals-23/raw/task-4/04/postdeploy.sh
Resolving github.com (github.com)... 140.82.113.4
Connecting to github.com (github.com)|140.82.113.4|:443... connected.
HTTP request sent, awaiting response... 302 Found
Location: https://raw.githubusercontent.com/catching4190/azure-fundamentals-23/task-4/04/postdeploy.sh [following]
--2023-05-09 20:56:57--  https://raw.githubusercontent.com/catching4190/azure-fundamentals-23/task-4/04/postdeploy.sh
Resolving raw.githubusercontent.com (raw.githubusercontent.com)... 185.199.110.133, 185.199.111.133, 185.199.108.133, ...
Connecting to raw.githubusercontent.com (raw.githubusercontent.com)|185.199.110.133|:443... connected.
HTTP request sent, awaiting response... 200 OK
Length: 417 [text/plain]
Saving to: ‘postdeploy.sh’

postdeploy.sh                           100%[===============================================================================>]     417  --.-KB/s    in 0s      

2023-05-09 20:56:57 (20.7 MB/s) - ‘postdeploy.sh’ saved [417/417]

apt-key add -
Hit:1 http://azure.archive.ubuntu.com/ubuntu bionic InRelease
Get:2 http://azure.archive.ubuntu.com/ubuntu bionic-updates InRelease [88.7 kB]
Get:3 http://azure.archive.ubuntu.com/ubuntu bionic-backports InRelease [83.3 kB]
Get:4 http://azure.archive.ubuntu.com/ubuntu bionic-security InRelease [88.7 kB]
Get:5 http://azure.archive.ubuntu.com/ubuntu bionic/universe amd64 Packages [8570 kB]
Get:6 http://azure.archive.ubuntu.com/ubuntu bionic/universe Translation-en [4941 kB]
Get:7 http://azure.archive.ubuntu.com/ubuntu bionic/multiverse amd64 Packages [151 kB]     
Get:8 http://azure.archive.ubuntu.com/ubuntu bionic/multiverse Translation-en [108 kB]
Get:9 http://azure.archive.ubuntu.com/ubuntu bionic-updates/main amd64 Packages [2989 kB]
Get:10 http://azure.archive.ubuntu.com/ubuntu bionic-updates/main Translation-en [545 kB]
Get:11 http://azure.archive.ubuntu.com/ubuntu bionic-updates/restricted amd64 Packages [1269 kB]
Get:12 http://azure.archive.ubuntu.com/ubuntu bionic-updates/restricted Translation-en [176 kB]
Get:13 http://azure.archive.ubuntu.com/ubuntu bionic-updates/universe amd64 Packages [1903 kB]
Get:14 http://azure.archive.ubuntu.com/ubuntu bionic-updates/universe Translation-en [417 kB]
Get:15 http://azure.archive.ubuntu.com/ubuntu bionic-updates/multiverse amd64 Packages [25.6 kB]
Get:16 http://azure.archive.ubuntu.com/ubuntu bionic-updates/multiverse Translation-en [6088 B]
Get:17 http://azure.archive.ubuntu.com/ubuntu bionic-backports/main amd64 Packages [53.3 kB]
Get:18 http://azure.archive.ubuntu.com/ubuntu bionic-backports/main Translation-en [14.6 kB]
Get:19 http://azure.archive.ubuntu.com/ubuntu bionic-backports/universe amd64 Packages [18.1 kB]
Get:20 http://azure.archive.ubuntu.com/ubuntu bionic-backports/universe Translation-en [8668 B]
Get:21 http://azure.archive.ubuntu.com/ubuntu bionic-security/main amd64 Packages [2656 kB]
Get:22 http://azure.archive.ubuntu.com/ubuntu bionic-security/main Translation-en [457 kB]
Get:23 http://azure.archive.ubuntu.com/ubuntu bionic-security/restricted amd64 Packages [1240 kB]
Get:24 http://azure.archive.ubuntu.com/ubuntu bionic-security/restricted Translation-en [172 kB]
Get:25 http://azure.archive.ubuntu.com/ubuntu bionic-security/universe amd64 Packages [1292 kB]
Get:26 http://azure.archive.ubuntu.com/ubuntu bionic-security/universe Translation-en [304 kB]
Get:27 http://azure.archive.ubuntu.com/ubuntu bionic-security/multiverse amd64 Packages [19.8 kB]
Get:28 http://azure.archive.ubuntu.com/ubuntu bionic-security/multiverse Translation-en [3928 B]
Fetched 27.6 MB in 6s (4885 kB/s)                           
Reading package lists... Done
Reading package lists... Done
Building dependency tree       
Reading state information... Done
The following additional packages will be installed:
  fontconfig-config fonts-dejavu-core libfontconfig1 libgd3 libjbig0 libjpeg-turbo8 libjpeg8 libnginx-mod-http-geoip libnginx-mod-http-image-filter
  libnginx-mod-http-xslt-filter libnginx-mod-mail libnginx-mod-stream libtiff5 libwebp6 libxpm4 nginx-common nginx-core
Suggested packages:
  libgd-tools fcgiwrap nginx-doc ssl-cert
The following NEW packages will be installed:
  fontconfig-config fonts-dejavu-core libfontconfig1 libgd3 libjbig0 libjpeg-turbo8 libjpeg8 libnginx-mod-http-geoip libnginx-mod-http-image-filter
  libnginx-mod-http-xslt-filter libnginx-mod-mail libnginx-mod-stream libtiff5 libwebp6 libxpm4 nginx nginx-common nginx-core
0 upgraded, 18 newly installed, 0 to remove and 1 not upgraded.
Need to get 2464 kB of archives.
After this operation, 8218 kB of additional disk space will be used.
Get:1 http://azure.archive.ubuntu.com/ubuntu bionic-updates/main amd64 libjpeg-turbo8 amd64 1.5.2-0ubuntu5.18.04.6 [111 kB]
Get:2 http://azure.archive.ubuntu.com/ubuntu bionic/main amd64 fonts-dejavu-core all 2.37-1 [1041 kB]
Get:3 http://azure.archive.ubuntu.com/ubuntu bionic/main amd64 fontconfig-config all 2.12.6-0ubuntu2 [55.8 kB]
Get:4 http://azure.archive.ubuntu.com/ubuntu bionic/main amd64 libfontconfig1 amd64 2.12.6-0ubuntu2 [137 kB]
Get:5 http://azure.archive.ubuntu.com/ubuntu bionic/main amd64 libjpeg8 amd64 8c-2ubuntu8 [2194 B]
Get:6 http://azure.archive.ubuntu.com/ubuntu bionic-updates/main amd64 libjbig0 amd64 2.1-3.1ubuntu0.18.04.1 [27.0 kB]
Get:7 http://azure.archive.ubuntu.com/ubuntu bionic-updates/main amd64 libtiff5 amd64 4.0.9-5ubuntu0.10 [154 kB]
Get:8 http://azure.archive.ubuntu.com/ubuntu bionic-updates/main amd64 libwebp6 amd64 0.6.1-2ubuntu0.18.04.1 [186 kB]
Get:9 http://azure.archive.ubuntu.com/ubuntu bionic-updates/main amd64 libxpm4 amd64 1:3.5.12-1ubuntu0.18.04.2 [34.8 kB]
Get:10 http://azure.archive.ubuntu.com/ubuntu bionic-updates/main amd64 libgd3 amd64 2.2.5-4ubuntu0.5 [119 kB]
Get:11 http://azure.archive.ubuntu.com/ubuntu bionic-updates/main amd64 nginx-common all 1.14.0-0ubuntu1.11 [37.2 kB]
Get:12 http://azure.archive.ubuntu.com/ubuntu bionic-updates/main amd64 libnginx-mod-http-geoip amd64 1.14.0-0ubuntu1.11 [11.0 kB]
Get:13 http://azure.archive.ubuntu.com/ubuntu bionic-updates/main amd64 libnginx-mod-http-image-filter amd64 1.14.0-0ubuntu1.11 [14.3 kB]
Get:14 http://azure.archive.ubuntu.com/ubuntu bionic-updates/main amd64 libnginx-mod-http-xslt-filter amd64 1.14.0-0ubuntu1.11 [12.8 kB]
Get:15 http://azure.archive.ubuntu.com/ubuntu bionic-updates/main amd64 libnginx-mod-mail amd64 1.14.0-0ubuntu1.11 [41.8 kB]
Get:16 http://azure.archive.ubuntu.com/ubuntu bionic-updates/main amd64 libnginx-mod-stream amd64 1.14.0-0ubuntu1.11 [63.5 kB]
Get:17 http://azure.archive.ubuntu.com/ubuntu bionic-updates/main amd64 nginx-core amd64 1.14.0-0ubuntu1.11 [413 kB]
Get:18 http://azure.archive.ubuntu.com/ubuntu bionic-updates/main amd64 nginx all 1.14.0-0ubuntu1.11 [3596 B]
Fetched 2464 kB in 0s (49.8 MB/s)
Preconfiguring packages ...
Selecting previously unselected package libjpeg-turbo8:amd64.
(Reading database ... 59120 files and directories currently installed.)
Preparing to unpack .../00-libjpeg-turbo8_1.5.2-0ubuntu5.18.04.6_amd64.deb ...
Unpacking libjpeg-turbo8:amd64 (1.5.2-0ubuntu5.18.04.6) ...
Selecting previously unselected package fonts-dejavu-core.
Preparing to unpack .../01-fonts-dejavu-core_2.37-1_all.deb ...
Unpacking fonts-dejavu-core (2.37-1) ...
Selecting previously unselected package fontconfig-config.
Preparing to unpack .../02-fontconfig-config_2.12.6-0ubuntu2_all.deb ...
Unpacking fontconfig-config (2.12.6-0ubuntu2) ...
Selecting previously unselected package libfontconfig1:amd64.
Preparing to unpack .../03-libfontconfig1_2.12.6-0ubuntu2_amd64.deb ...
Unpacking libfontconfig1:amd64 (2.12.6-0ubuntu2) ...
Selecting previously unselected package libjpeg8:amd64.
Preparing to unpack .../04-libjpeg8_8c-2ubuntu8_amd64.deb ...
Unpacking libjpeg8:amd64 (8c-2ubuntu8) ...
Selecting previously unselected package libjbig0:amd64.
Preparing to unpack .../05-libjbig0_2.1-3.1ubuntu0.18.04.1_amd64.deb ...
Unpacking libjbig0:amd64 (2.1-3.1ubuntu0.18.04.1) ...
Selecting previously unselected package libtiff5:amd64.
Preparing to unpack .../06-libtiff5_4.0.9-5ubuntu0.10_amd64.deb ...
Unpacking libtiff5:amd64 (4.0.9-5ubuntu0.10) ...
Selecting previously unselected package libwebp6:amd64.
Preparing to unpack .../07-libwebp6_0.6.1-2ubuntu0.18.04.1_amd64.deb ...
Unpacking libwebp6:amd64 (0.6.1-2ubuntu0.18.04.1) ...
Selecting previously unselected package libxpm4:amd64.
Preparing to unpack .../08-libxpm4_1%3a3.5.12-1ubuntu0.18.04.2_amd64.deb ...
Unpacking libxpm4:amd64 (1:3.5.12-1ubuntu0.18.04.2) ...
Selecting previously unselected package libgd3:amd64.
Preparing to unpack .../09-libgd3_2.2.5-4ubuntu0.5_amd64.deb ...
Unpacking libgd3:amd64 (2.2.5-4ubuntu0.5) ...
Selecting previously unselected package nginx-common.
Preparing to unpack .../10-nginx-common_1.14.0-0ubuntu1.11_all.deb ...
Unpacking nginx-common (1.14.0-0ubuntu1.11) ...
Selecting previously unselected package libnginx-mod-http-geoip.
Preparing to unpack .../11-libnginx-mod-http-geoip_1.14.0-0ubuntu1.11_amd64.deb ...
Unpacking libnginx-mod-http-geoip (1.14.0-0ubuntu1.11) ...
Selecting previously unselected package libnginx-mod-http-image-filter.
Preparing to unpack .../12-libnginx-mod-http-image-filter_1.14.0-0ubuntu1.11_amd64.deb ...
Unpacking libnginx-mod-http-image-filter (1.14.0-0ubuntu1.11) ...
Selecting previously unselected package libnginx-mod-http-xslt-filter.
Preparing to unpack .../13-libnginx-mod-http-xslt-filter_1.14.0-0ubuntu1.11_amd64.deb ...
Unpacking libnginx-mod-http-xslt-filter (1.14.0-0ubuntu1.11) ...
Selecting previously unselected package libnginx-mod-mail.
Preparing to unpack .../14-libnginx-mod-mail_1.14.0-0ubuntu1.11_amd64.deb ...
Unpacking libnginx-mod-mail (1.14.0-0ubuntu1.11) ...
Selecting previously unselected package libnginx-mod-stream.
Preparing to unpack .../15-libnginx-mod-stream_1.14.0-0ubuntu1.11_amd64.deb ...
Unpacking libnginx-mod-stream (1.14.0-0ubuntu1.11) ...
Selecting previously unselected package nginx-core.
Preparing to unpack .../16-nginx-core_1.14.0-0ubuntu1.11_amd64.deb ...
Unpacking nginx-core (1.14.0-0ubuntu1.11) ...
Selecting previously unselected package nginx.
Preparing to unpack .../17-nginx_1.14.0-0ubuntu1.11_all.deb ...
Unpacking nginx (1.14.0-0ubuntu1.11) ...
Setting up libjbig0:amd64 (2.1-3.1ubuntu0.18.04.1) ...
Setting up fonts-dejavu-core (2.37-1) ...
Setting up nginx-common (1.14.0-0ubuntu1.11) ...
Created symlink /etc/systemd/system/multi-user.target.wants/nginx.service → /lib/systemd/system/nginx.service.
Setting up libjpeg-turbo8:amd64 (1.5.2-0ubuntu5.18.04.6) ...
Setting up libnginx-mod-mail (1.14.0-0ubuntu1.11) ...
Setting up libxpm4:amd64 (1:3.5.12-1ubuntu0.18.04.2) ...
Setting up libnginx-mod-http-xslt-filter (1.14.0-0ubuntu1.11) ...
Setting up libnginx-mod-http-geoip (1.14.0-0ubuntu1.11) ...
Setting up libwebp6:amd64 (0.6.1-2ubuntu0.18.04.1) ...
Setting up libjpeg8:amd64 (8c-2ubuntu8) ...
Setting up fontconfig-config (2.12.6-0ubuntu2) ...
Setting up libnginx-mod-stream (1.14.0-0ubuntu1.11) ...
Setting up libtiff5:amd64 (4.0.9-5ubuntu0.10) ...
Setting up libfontconfig1:amd64 (2.12.6-0ubuntu2) ...
Setting up libgd3:amd64 (2.2.5-4ubuntu0.5) ...
Setting up libnginx-mod-http-image-filter (1.14.0-0ubuntu1.11) ...
Setting up nginx-core (1.14.0-0ubuntu1.11) ...
Setting up nginx (1.14.0-0ubuntu1.11) ...
Processing triggers for systemd (237-3ubuntu10.57) ...
Processing triggers for man-db (2.8.3-2ubuntu0.1) ...
Processing triggers for ufw (0.36-0ubuntu0.18.04.2) ...
Processing triggers for ureadahead (0.100.0-21) ...
Processing triggers for libc-bin (2.27-3ubuntu1.6) ...
Reading package lists... Done
Building dependency tree       
Reading state information... Done
Suggested packages:
  zip
The following NEW packages will be installed:
  unzip
0 upgraded, 1 newly installed, 0 to remove and 1 not upgraded.
Need to get 168 kB of archives.
After this operation, 567 kB of additional disk space will be used.
Get:1 http://azure.archive.ubuntu.com/ubuntu bionic-updates/main amd64 unzip amd64 6.0-21ubuntu1.2 [168 kB]
Fetched 168 kB in 0s (13.8 MB/s)
Selecting previously unselected package unzip.
(Reading database ... 59356 files and directories currently installed.)
Preparing to unpack .../unzip_6.0-21ubuntu1.2_amd64.deb ...
Unpacking unzip (6.0-21ubuntu1.2) ...
Setting up unzip (6.0-21ubuntu1.2) ...
Processing triggers for mime-support (3.60ubuntu1) ...
Processing triggers for man-db (2.8.3-2ubuntu0.1) ...
--2023-05-09 20:57:22--  https://github.com/catching4190/azure-fundamentals-23/raw/task-4/04/app.zip
Resolving github.com (github.com)... 140.82.113.4
Connecting to github.com (github.com)|140.82.113.4|:443... connected.
HTTP request sent, awaiting response... 302 Found
Location: https://raw.githubusercontent.com/catching4190/azure-fundamentals-23/task-4/04/app.zip [following]
--2023-05-09 20:57:22--  https://raw.githubusercontent.com/catching4190/azure-fundamentals-23/task-4/04/app.zip
Resolving raw.githubusercontent.com (raw.githubusercontent.com)... 185.199.109.133, 185.199.108.133, 185.199.111.133, ...
Connecting to raw.githubusercontent.com (raw.githubusercontent.com)|185.199.109.133|:443... connected.
HTTP request sent, awaiting response... 200 OK
Length: 1613305 (1.5M) [application/zip]
Saving to: ‘/tmp/app.zip’

/tmp/app.zip                            100%[===============================================================================>]   1.54M  --.-KB/s    in 0.009s  

2023-05-09 20:57:22 (170 MB/s) - ‘/tmp/app.zip’ saved [1613305/1613305]

--2023-05-09 20:57:22--  https://github.com/catching4190/azure-fundamentals-23/raw/task-4/04/nginx.conf
Resolving github.com (github.com)... 140.82.113.4
Connecting to github.com (github.com)|140.82.113.4|:443... connected.
HTTP request sent, awaiting response... 302 Found
Location: https://raw.githubusercontent.com/catching4190/azure-fundamentals-23/task-4/04/nginx.conf [following]
--2023-05-09 20:57:22--  https://raw.githubusercontent.com/catching4190/azure-fundamentals-23/task-4/04/nginx.conf
Resolving raw.githubusercontent.com (raw.githubusercontent.com)... 185.199.109.133, 185.199.108.133, 185.199.111.133, ...
Connecting to raw.githubusercontent.com (raw.githubusercontent.com)|185.199.109.133|:443... connected.
HTTP request sent, awaiting response... 200 OK
Length: 1999 (2.0K) [text/plain]
Saving to: ‘/etc/nginx/nginx.conf’

/etc/nginx/nginx.conf                   100%[===============================================================================>]   1.95K  --.-KB/s    in 0s      

2023-05-09 20:57:22 (27.4 MB/s) - ‘/etc/nginx/nginx.conf’ saved [1999/1999]

Archive:  /tmp/app.zip
   creating: /tmp/app/
  inflating: /tmp/__MACOSX/._app     
  inflating: /tmp/app/.DS_Store      
  inflating: /tmp/__MACOSX/app/._.DS_Store  
   creating: /tmp/app/www/
  inflating: /tmp/app/www/index.html  
  inflating: /tmp/__MACOSX/app/www/._index.html  
  inflating: /tmp/app/www/.DS_Store  
  inflating: /tmp/__MACOSX/app/www/._.DS_Store  
   creating: /tmp/app/www/audio/
  inflating: /tmp/__MACOSX/app/www/._audio  
  inflating: /tmp/app/www/tetris.js  
  inflating: /tmp/__MACOSX/app/www/._tetris.js  
  inflating: /tmp/app/www/audio/.DS_Store  
  inflating: /tmp/__MACOSX/app/www/audio/._.DS_Store  
  inflating: /tmp/app/www/audio/tetrislevelup.wav  
  inflating: /tmp/__MACOSX/app/www/audio/._tetrislevelup.wav  
  inflating: /tmp/app/www/audio/tetrisgameover.wav  
  inflating: /tmp/__MACOSX/app/www/audio/._tetrisgameover.wav  
  inflating: /tmp/app/www/audio/tetrisrotate.mp3  
  inflating: /tmp/__MACOSX/app/www/audio/._tetrisrotate.mp3  
  inflating: /tmp/app/www/audio/tetrisloop.mp3  
  inflating: /tmp/__MACOSX/app/www/audio/._tetrisloop.mp3  
  inflating: /tmp/app/www/audio/tetriscollide.mp3  
  inflating: /tmp/__MACOSX/app/www/audio/._tetriscollide.mp3  
  inflating: /tmp/app/www/audio/tetrissweep.mp3  
  inflating: /tmp/__MACOSX/app/www/audio/._tetrissweep.mp3  
  inflating: /tmp/app/www/audio/tetrispause.mp3  
  inflating: /tmp/__MACOSX/app/www/audio/._tetrispause.mp3  
  inflating: /tmp/app/www/audio/tetrisintro.wav  
  inflating: /tmp/__MACOSX/app/www/audio/._tetrisintro.wav  
  inflating: /tmp/app/www/audio/tetrishighspins.mp3  
  inflating: /tmp/__MACOSX/app/www/audio/._tetrishighspins.mp3  
Synchronizing state of nginx.service with SysV service script with /lib/systemd/systemd-sysv-install.
Executing: /lib/systemd/systemd-sysv-install enable nginx
