# Use JMESPath query to get detailed info for created resource

❯ az group list --query "[?name == '$RESOURCE_GROUP']"
[
    {
    "id": "/subscriptions/43aa0595-8fda-44a4-b227-f3733785e5c2/resourceGroups/learn-bc854b17-326e-4fb3-a6df-b09f5d97a1a8",
    "location": "centralus",
    "managedBy": null,
    "name": "learn-bc854b17-326e-4fb3-a6df-b09f5d97a1a8",
    "properties": {
        "provisioningState": "Succeeded"
    },
    "tags": {
        "purpose": "learn_azure"
    },
    "type": "Microsoft.Resources/resourceGroups"
    }
]

# Use this command to get info about quotas for specified region
❯ az vm list-usage --location "West Europe" -o table
Name                                      CurrentValue    Limit
----------------------------------------  --------------  -------
Availability Sets                         0               2500
Total Regional vCPUs                      0               10
Virtual Machines                          0               25000
Virtual Machine Scale Sets                0               2500
Dedicated vCPUs                           0               3000
Cloud Services                            0               2500
Total Regional Low-priority vCPUs         0               3
Basic A Family vCPUs                      0               10
Standard A0-A7 Family vCPUs               0               10
Standard A8-A11 Family vCPUs              0               10
Standard D Family vCPUs                   0               10
Standard Dv2 Family vCPUs                 0               10
Standard DS Family vCPUs                  0               10
Standard DSv2 Family vCPUs                0               10
Standard G Family vCPUs                   0               10
Standard GS Family vCPUs                  0               10
Standard F Family vCPUs                   0               10
Standard FS Family vCPUs                  0               10
Standard NV Family vCPUs                  0               12
Standard NC Family vCPUs                  0               12
Standard H Family vCPUs                   0               8
Standard Av2 Family vCPUs                 0               10
Standard LS Family vCPUs                  0               10
Standard Dv2 Promo Family vCPUs           0               10
Standard DSv2 Promo Family vCPUs          0               10
Standard MS Family vCPUs                  0               0
Standard Dv3 Family vCPUs                 0               10
Standard DSv3 Family vCPUs                0               10
Standard Ev3 Family vCPUs                 0               10
Standard ESv3 Family vCPUs                0               10
Standard Dv4 Family vCPUs                 0               10
Standard DDv4 Family vCPUs                0               10
Standard DSv4 Family vCPUs                0               10
Standard DDSv4 Family vCPUs               0               10
Standard Ev4 Family vCPUs                 0               10
Standard EDv4 Family vCPUs                0               0
Standard ESv4 Family vCPUs                0               0
Standard EDSv4 Family vCPUs               0               10
Standard BS Family vCPUs                  0               10
Standard FSv2 Family vCPUs                0               10
Standard NDS Family vCPUs                 0               0
Standard NCSv2 Family vCPUs               0               0
Standard NCSv3 Family vCPUs               0               0
Standard LSv2 Family vCPUs                0               10
Standard PBS Family vCPUs                 0               6
Standard EIv3 Family vCPUs                0               10
Standard EISv3 Family vCPUs               0               10
Standard DCS Family vCPUs                 0               8
Standard NVSv2 Family vCPUs               0               0
Standard MSv2 Family vCPUs                0               0
Standard HBS Family vCPUs                 0               0
Standard HCS Family vCPUs                 0               0
Standard NVSv3 Family vCPUs               0               0
Standard NV Promo Family vCPUs            0               12
Standard NC Promo Family vCPUs            0               12
Standard H Promo Family vCPUs             0               8
Standard DAv4 Family vCPUs                0               0
Standard DASv4 Family vCPUs               0               10
Standard EAv4 Family vCPUs                0               0
Standard EASv4 Family vCPUs               0               10
Standard NDSv3 Family vCPUs               0               0
Standard DCSv2 Family vCPUs               0               8
Standard NVSv4 Family vCPUs               0               8
Standard NDSv2 Family vCPUs               0               0
Standard NPS Family vCPUs                 0               0
Standard HBrsv2 Family vCPUs              0               0
Standard NCASv3_T4 Family vCPUs           0               0
Standard NDASv4_A100 Family vCPUs         0               0
Standard EIDSv4 Family vCPUs              0               0
Standard XEISv4 Family vCPUs              0               0
Standard EIASv4 Family vCPUs              0               0
Standard HBv3 Family vCPUs                0               0
Standard MDSMediumMemoryv2 Family vCPUs   0               0
Standard MIDSMediumMemoryv2 Family vCPUs  0               0
Standard MSMediumMemoryv2 Family vCPUs    0               0
Standard MISMediumMemoryv2 Family vCPUs   0               0
Standard DASv5 Family vCPUs               0               0
Standard EASv5 Family vCPUs               0               0
Standard Ev5 Family vCPUs                 0               0
Standard EIv5 Family vCPUs                0               0
Standard EDv5 Family vCPUs                0               0
Standard EIDv5 Family vCPUs               0               0
Standard ESv5 Family vCPUs                0               0
Standard EISv5 Family vCPUs               0               0
Standard EDSv5 Family vCPUs               0               0
Standard EIDSv5 Family vCPUs              0               0
Standard Dv5 Family vCPUs                 0               0
Standard DDv5 Family vCPUs                0               0
Standard DSv5 Family vCPUs                0               0
Standard DDSv5 Family vCPUs               0               0
Standard DLSv5 Family vCPUs               0               0
Standard DLDSv5 Family vCPUs              0               0
Standard LSv3 Family vCPUs                0               0
Standard LASv3 Family vCPUs               0               0
Standard DCSv3 Family vCPUs               0               0
Standard DDCSv3 Family vCPUs              0               0
Standard DADSv5 Family vCPUs              0               0
Standard EADSv5 Family vCPUs              0               0
Standard FXMDVS Family vCPUs              0               0
Standard DPLDSv5 Family vCPUs             0               0
Standard DPLSv5 Family vCPUs              0               0
Standard DPDSv5 Family vCPUs              0               0
Standard DPSv5 Family vCPUs               0               0
Standard EPDSv5 Family vCPUs              0               0
Standard EPSv5 Family vCPUs               0               0
Standard NDAMSv4_A100Family vCPUs         0               0
Standard DCASv5 Family vCPUs              0               0
Standard ECASv5 Family vCPUs              0               0
Standard ECIASv5 Family vCPUs             0               0
Standard DCADSv5 Family vCPUs             0               0
Standard ECADSv5 Family vCPUs             0               0
Standard ECIADSv5 Family vCPUs            0               0
Standard NVADSA10v5 Family vCPUs          0               0
Standard NCADS_A100_v4 Family vCPUs       0               0
Standard EBDSv5 Family vCPUs              0               10
Standard EBSv5 Family vCPUs               0               10
Standard EIASv5 Family vCPUs              0               0
Standard EIADSv5 Family vCPUs             0               0
Standard NCADSA10v4 Family vCPUs          0               0
Standard EIBDSv5 Family vCPUs             0               0
Standard EIBSv5 Family vCPUs              0               0
Standard HBv4 Family vCPUs                0               0
Standard HX Family vCPUs                  0               0
Standard Storage Managed Disks            0               50000
Premium Storage Managed Disks             0               50000
StandardSSDStorageDisks                   0               50000
StandardSSDZRSStorageDisks                0               50000
PremiumZRSStorageDisks                    0               50000
UltraSSDStorageDisks                      0               1000
PremiumV2StorageDisks                     0               1000
StandardStorageSnapshots                  0               75000
StandardSSDStorageSnapshots               0               75000
PremiumStorageSnapshots                   0               75000
ZrsStorageSnapshots                       0               75000
UltraSSDTotalSizeInGB                     0               32768
PremiumV2TotalDiskSizeInGB                0               32768
DiskEncryptionSets                        0               5000
DiskAccesses                              0               1000
Gallery                                   0               100
Gallery Image                             0               1000
Gallery Image Version                     0               10000

# Deploing web app directly from repo on GitHub

❯ az webapp deployment source config --name $AZURE_WEB_APP --resource-group $RESOURCE_GROUP --repo-url "https://github.com/Azure-Samples/php-docs-hello-world" --branch master --manual-integration
{
  "branch": "master",
  "deploymentRollbackEnabled": false,
  "gitHubActionConfiguration": null,
  "id": "/subscriptions/43aa0595-8fda-44a4-b227-f3733785e5c2/resourceGroups/learn-bc854b17-326e-4fb3-a6df-b09f5d97a1a8/providers/Microsoft.Web/sites/popupwebapp-15523/sourcecontrols/web",
  "isGitHubAction": false,
  "isManualIntegration": true,
  "isMercurial": false,
  "kind": null,
  "location": "West Europe",
  "name": "popupwebapp-15523",
  "repoUrl": "https://github.com/Azure-Samples/php-docs-hello-world",
  "resourceGroup": "learn-bc854b17-326e-4fb3-a6df-b09f5d97a1a8",
  "type": "Microsoft.Web/sites/sourcecontrols"
}